1.658e-07,3.649361678981222e-05
8.75e-08,3.649361678981222e-05
1.152e-07,3.649361678981222e-05
2.432e-07,3.649361678981222e-05
2.734e-06,3.649361678981222e-05
1.501e-05,3.649361678981222e-05
3.411e-06,3.649361678981222e-05
1.155e-05,3.649361678981222e-05
1.06e-07,3.649361678981222e-05
4.294e-06,3.649361678981222e-05
9.94e-08,3.649361678981222e-05
2.865e-06,3.649361678981222e-05
4.762e-06,3.649361678981222e-05
3.604e-07,3.649361678981222e-05
3.791e-07,3.649361678981222e-05
6.386e-06,3.649361678981222e-05
6.551e-06,3.649361678981222e-05
1.008e-05,3.649361678981222e-05
5.207e-06,3.649361678981222e-05
1.272e-05,3.649361678981222e-05
4.688e-05,3.649361678981222e-05
9.272e-06,3.649361678981222e-05
1.172e-07,3.649361678981222e-05
3.752e-05,3.649361678981222e-05
5.113e-06,3.649361678981222e-05
3.055e-07,3.649361678981222e-05
2.213e-07,3.649361678981222e-05
1.308e-05,3.649361678981222e-05
7.644e-08,3.649361678981222e-05
6.3e-05,3.649361678981222e-05
1.769e-05,3.649361678981222e-05
8.758e-06,3.649361678981222e-05
3.016e-07,3.649361678981222e-05
2.716e-07,3.649361678981222e-05
3.982e-05,3.649361678981222e-05
1.074e-05,3.649361678981222e-05
3.811e-06,3.649361678981222e-05
4.75e-06,3.649361678981222e-05
6.622e-06,3.649361678981222e-05
1.896e-05,3.649361678981222e-05
3.702e-07,3.649361678981222e-05
7.416e-05,3.649361678981222e-05
4.765e-06,3.649361678981222e-05
4.769e-07,3.649361678981222e-05
1.2e-05,3.649361678981222e-05
9.977e-06,3.649361678981222e-05
5.433e-06,3.649361678981222e-05
3.968e-06,3.649361678981222e-05
7.294e-07,3.649361678981222e-05
9.28e-06,3.649361678981222e-05
2.302e-06,3.649361678981222e-05
1.201e-05,3.649361678981222e-05
5.029e-05,3.649361678981222e-05
3.996e-06,3.649361678981222e-05
2.554e-07,3.649361678981222e-05
2.34e-05,3.649361678981222e-05
6.108e-05,3.649361678981222e-05
2.346e-06,3.649361678981222e-05
8.339e-06,3.649361678981222e-05
6.041e-07,3.649361678981222e-05
2.291e-05,3.649361678981222e-05
2.786e-06,3.649361678981222e-05
3.124e-06,3.649361678981222e-05
1.69e-06,3.649361678981222e-05
2.287e-07,3.649361678981222e-05
1.947e-07,3.649361678981222e-05
5.232e-06,3.649361678981222e-05
1.656e-07,3.649361678981222e-05
9.871e-08,3.649361678981222e-05
5.851e-06,3.649361678981222e-05
1.431e-05,3.649361678981222e-05
8.286e-06,3.649361678981222e-05
4.479e-05,3.649361678981222e-05
4.154e-07,3.649361678981222e-05
1.391e-05,3.649361678981222e-05
2.611e-06,3.649361678981222e-05
4.346e-05,3.649361678981222e-05
3.373e-05,3.649361678981222e-05
6.133e-06,3.649361678981222e-05
1.566e-07,3.649361678981222e-05
6.225e-06,3.649361678981222e-05
3.612e-06,3.649361678981222e-05
4.349e-06,3.649361678981222e-05
7.514e-06,3.649361678981222e-05
2.106e-06,3.649361678981222e-05
2.104e-07,3.649361678981222e-05
5.279e-06,3.649361678981222e-05
5.864e-06,3.649361678981222e-05
2.664e-05,3.649361678981222e-05
1.323e-07,3.649361678981222e-05
7.108e-08,3.649361678981222e-05
2.227e-07,3.649361678981222e-05
2.095e-07,3.649361678981222e-05
1.293e-07,3.649361678981222e-05
6.82e-06,3.649361678981222e-05
6.347e-06,3.649361678981222e-05
2.341e-07,3.649361678981222e-05
2.233e-07,3.649361678981222e-05
1.678e-07,3.649361678981222e-05
3.886e-05,3.649361678981222e-05
2.168e-05,3.649361678981222e-05
1.719e-07,3.649361678981222e-05
1.115e-05,3.649361678981222e-05
7.06e-06,3.649361678981222e-05
5.151e-06,3.649361678981222e-05
1.09e-07,3.649361678981222e-05
4.015e-06,3.649361678981222e-05
3.105e-06,3.649361678981222e-05
4.214e-06,3.649361678981222e-05
6.435e-06,3.649361678981222e-05
3.852e-06,3.649361678981222e-05
2.156e-05,3.649361678981222e-05
1.083e-05,3.649361678981222e-05
7.857e-08,3.649361678981222e-05
6.786e-06,3.649361678981222e-05
0.0001151,3.649361678981222e-05
4.611e-06,3.649361678981222e-05
1.803e-07,3.649361678981222e-05
5.52e-05,3.649361678981222e-05
2.161e-05,3.649361678981222e-05
6.298e-06,3.649361678981222e-05
0.0001893,3.649361678981222e-05
0.00025,3.649361678981222e-05
1.934e-05,3.649361678981222e-05
3.475e-06,3.649361678981222e-05
1.62e-07,3.649361678981222e-05
7.499e-06,3.649361678981222e-05
9.866e-06,3.649361678981222e-05
5.892e-06,3.649361678981222e-05
2.462e-06,3.649361678981222e-05
1.017e-07,3.649361678981222e-05
2.692e-07,3.649361678981222e-05
6.777e-05,3.649361678981222e-05
7.591e-07,3.649361678981222e-05
3.77e-08,3.649361678981222e-05
2.363e-07,3.649361678981222e-05
4.378e-06,3.649361678981222e-05
1.596e-07,3.649361678981222e-05
6.07e-05,3.649361678981222e-05
3.282e-07,3.649361678981222e-05
8.642e-06,3.649361678981222e-05
4.253e-06,3.649361678981222e-05
3.003e-06,3.649361678981222e-05
2.056e-07,3.649361678981222e-05
3.739e-06,3.649361678981222e-05
1.876e-07,3.649361678981222e-05
2.371e-05,3.649361678981222e-05
4.263e-05,3.649361678981222e-05
1.277e-05,3.649361678981222e-05
5.572e-07,3.649361678981222e-05
8.996e-05,3.649361678981222e-05
8.242e-06,3.649361678981222e-05
1.079e-06,3.649361678981222e-05
3.173e-05,3.649361678981222e-05
4.523e-06,3.649361678981222e-05
1.069e-05,3.649361678981222e-05
4.174e-06,3.649361678981222e-05
3.525e-07,3.649361678981222e-05
6.761e-07,3.649361678981222e-05
1.712e-05,3.649361678981222e-05
5.432e-06,3.649361678981222e-05
7.514e-08,3.649361678981222e-05
5.489e-06,3.649361678981222e-05
3.435e-06,3.649361678981222e-05
6.944e-07,3.649361678981222e-05
4.771e-07,3.649361678981222e-05
1.125e-07,3.649361678981222e-05
8.713e-06,3.649361678981222e-05
6.992e-07,3.649361678981222e-05
6.624e-06,3.649361678981222e-05
2.317e-05,3.649361678981222e-05
6.104e-08,3.649361678981222e-05
2.796e-06,3.649361678981222e-05
2.381e-07,3.649361678981222e-05
1.017e-06,3.649361678981222e-05
1.389e-07,3.649361678981222e-05
9.288e-06,3.649361678981222e-05
1.664e-05,3.649361678981222e-05
6.297e-06,3.649361678981222e-05
2.086e-06,3.649361678981222e-05
9.244e-07,3.649361678981222e-05
1.695e-07,3.649361678981222e-05
1.019e-05,3.649361678981222e-05
6.352e-06,3.649361678981222e-05
3.565e-07,3.649361678981222e-05
2.142e-07,3.649361678981222e-05
2.582e-06,3.649361678981222e-05
4.132e-07,3.649361678981222e-05
8.15e-06,3.649361678981222e-05
2.114e-05,3.649361678981222e-05
6.842e-06,3.649361678981222e-05
6.103e-05,3.649361678981222e-05
5.457e-06,3.649361678981222e-05
2.088e-05,3.649361678981222e-05
3.373e-06,3.649361678981222e-05
1.08e-05,3.649361678981222e-05
2.558e-05,3.649361678981222e-05
0.000663,3.649361678981222e-05
2.663e-07,3.649361678981222e-05
5.667e-06,3.649361678981222e-05
1.659e-05,3.649361678981222e-05
3.071e-06,3.649361678981222e-05
0.0001036,3.649361678981222e-05
4.968e-06,3.649361678981222e-05
5.651e-05,3.649361678981222e-05
3.031e-05,3.649361678981222e-05
9.187e-08,3.649361678981222e-05
6.56e-06,3.649361678981222e-05
2.215e-07,3.649361678981222e-05
2.733e-07,3.649361678981222e-05
0.0003332,3.649361678981222e-05
1.688e-07,3.649361678981222e-05
5.015e-06,3.649361678981222e-05
9.573e-06,3.649361678981222e-05
6.067e-06,3.649361678981222e-05
8.485e-08,3.649361678981222e-05
3.244e-06,3.649361678981222e-05
1.229e-05,3.649361678981222e-05
6.685e-05,3.649361678981222e-05
1.058e-07,3.649361678981222e-05
1.777e-05,3.649361678981222e-05
4.985e-06,3.649361678981222e-05
8.47e-08,3.649361678981222e-05
7.258e-08,3.649361678981222e-05
1.538e-07,3.649361678981222e-05
5.427e-06,3.649361678981222e-05
1.776e-06,3.649361678981222e-05
1.763e-07,3.649361678981222e-05
3.803e-06,3.649361678981222e-05
1.316e-07,3.649361678981222e-05
4.341e-06,3.649361678981222e-05
2.695e-06,3.649361678981222e-05
4.74e-06,3.649361678981222e-05
1.23e-07,3.649361678981222e-05
2.321e-07,3.649361678981222e-05
6.516e-06,3.649361678981222e-05
2.581e-07,3.649361678981222e-05
4.353e-06,3.649361678981222e-05
0.001747,3.649361678981222e-05
5.38e-06,3.649361678981222e-05
3e-06,3.649361678981222e-05
1.277e-07,3.649361678981222e-05
3.062e-05,3.649361678981222e-05
6.755e-06,3.649361678981222e-05
4.6e-06,3.649361678981222e-05
9.712e-08,3.649361678981222e-05
7.228e-06,3.649361678981222e-05
4.919e-06,3.649361678981222e-05
7.074e-06,3.649361678981222e-05
4.689e-06,3.649361678981222e-05
9.006e-06,3.649361678981222e-05
0.0002336,3.649361678981222e-05
1.125e-07,3.649361678981222e-05
2.518e-05,3.649361678981222e-05
7.026e-06,3.649361678981222e-05
2.043e-07,3.649361678981222e-05
4.06e-07,3.649361678981222e-05
3.538e-06,3.649361678981222e-05
0.0001419,3.649361678981222e-05
5.593e-06,3.649361678981222e-05
7.089e-06,3.649361678981222e-05
8.923e-06,3.649361678981222e-05
4.369e-07,3.649361678981222e-05
9.032e-06,3.649361678981222e-05
2.883e-06,3.649361678981222e-05
3.607e-05,3.649361678981222e-05
4.029e-06,3.649361678981222e-05
5.874e-06,3.649361678981222e-05
1.331e-07,3.649361678981222e-05
7.543e-06,3.649361678981222e-05
1.702e-07,3.649361678981222e-05
1.252e-05,3.649361678981222e-05
1.089e-05,3.649361678981222e-05
1.115e-05,3.649361678981222e-05
1.996e-05,3.649361678981222e-05
1.117e-07,3.649361678981222e-05
3.605e-07,3.649361678981222e-05
2.304e-07,3.649361678981222e-05
2.582e-07,3.649361678981222e-05
1.05e-05,3.649361678981222e-05
8.378e-06,3.649361678981222e-05
1.238e-05,3.649361678981222e-05
1.101e-07,3.649361678981222e-05
5.281e-06,3.649361678981222e-05
4.439e-06,3.649361678981222e-05
1.908e-07,3.649361678981222e-05
3.462e-06,3.649361678981222e-05
1.962e-07,3.649361678981222e-05
1.334e-05,3.649361678981222e-05
2.552e-06,3.649361678981222e-05
2.003e-05,3.649361678981222e-05
5.796e-06,3.649361678981222e-05
5.951e-06,3.649361678981222e-05
1.317e-07,3.649361678981222e-05
4.348e-06,3.649361678981222e-05
4.681e-06,3.649361678981222e-05
1.61e-07,3.649361678981222e-05
2.574e-07,3.649361678981222e-05
2.634e-06,3.649361678981222e-05
8.307e-06,3.649361678981222e-05
1.109e-05,3.649361678981222e-05
4.808e-06,3.649361678981222e-05
9.349e-06,3.649361678981222e-05
7.467e-06,3.649361678981222e-05
0.0001347,3.649361678981222e-05
1.239e-05,3.649361678981222e-05
1.863e-05,3.649361678981222e-05
5.161e-06,3.649361678981222e-05
1.299e-07,3.649361678981222e-05
1.088e-07,3.649361678981222e-05
2.468e-05,3.649361678981222e-05
7.728e-06,3.649361678981222e-05
6.154e-06,3.649361678981222e-05
7.585e-08,3.649361678981222e-05
9.613e-06,3.649361678981222e-05
1.935e-05,3.649361678981222e-05
1.866e-07,3.649361678981222e-05
1.232e-05,3.649361678981222e-05
9.138e-06,3.649361678981222e-05
0.0003395,3.649361678981222e-05
3.308e-07,3.649361678981222e-05
9.095e-07,3.649361678981222e-05
2.815e-05,3.649361678981222e-05
1.233e-07,3.649361678981222e-05
1.12e-05,3.649361678981222e-05
2.673e-05,3.649361678981222e-05
0.0001689,3.649361678981222e-05
5.025e-06,3.649361678981222e-05
1.277e-07,3.649361678981222e-05
2.503e-05,3.649361678981222e-05
1.185e-05,3.649361678981222e-05
3.842e-05,3.649361678981222e-05
7.917e-06,3.649361678981222e-05
8.892e-08,3.649361678981222e-05
2.18e-05,3.649361678981222e-05
2.569e-07,3.649361678981222e-05
2.755e-06,3.649361678981222e-05
5.452e-06,3.649361678981222e-05
4.295e-06,3.649361678981222e-05
4.012e-07,3.649361678981222e-05
2.849e-05,3.649361678981222e-05
9.241e-08,3.649361678981222e-05
2.465e-07,3.649361678981222e-05
8.999e-07,3.649361678981222e-05
5.966e-07,3.649361678981222e-05
1.756e-05,3.649361678981222e-05
1.068e-07,3.649361678981222e-05
7.804e-06,3.649361678981222e-05
5.033e-06,3.649361678981222e-05
1.359e-05,3.649361678981222e-05
4.319e-06,3.649361678981222e-05
2.56e-06,3.649361678981222e-05
4.792e-06,3.649361678981222e-05
1.56e-05,3.649361678981222e-05
8.389e-06,3.649361678981222e-05
1.143e-05,3.649361678981222e-05
1.017e-07,3.649361678981222e-05
2.888e-06,3.649361678981222e-05
8.845e-06,3.649361678981222e-05
4.593e-06,3.649361678981222e-05
3.304e-06,3.649361678981222e-05
2.385e-07,3.649361678981222e-05
2.83e-06,3.649361678981222e-05
1.344e-05,3.649361678981222e-05
6.71e-07,3.649361678981222e-05
2.858e-07,3.649361678981222e-05
1.183e-05,3.649361678981222e-05
3.1e-06,3.649361678981222e-05
2.299e-07,3.649361678981222e-05
9.893e-06,3.649361678981222e-05
3.153e-07,3.649361678981222e-05
4.409e-06,3.649361678981222e-05
1.138e-05,3.649361678981222e-05
2.791e-05,3.649361678981222e-05
8.181e-06,3.649361678981222e-05
1.1e-05,3.649361678981222e-05
0.0006429,3.649361678981222e-05
1.677e-07,3.649361678981222e-05
1.427e-05,3.649361678981222e-05
5.029e-05,3.649361678981222e-05
2.148e-07,3.649361678981222e-05
7.966e-06,3.649361678981222e-05
5.075e-07,3.649361678981222e-05
2.606e-06,3.649361678981222e-05
1.057e-05,3.649361678981222e-05
2.264e-06,3.649361678981222e-05
3.227e-06,3.649361678981222e-05
4.188e-05,3.649361678981222e-05
6.874e-06,3.649361678981222e-05
1.461e-05,3.649361678981222e-05
1.673e-07,3.649361678981222e-05
5.482e-06,3.649361678981222e-05
5.567e-05,3.649361678981222e-05
7.634e-07,3.649361678981222e-05
3.745e-06,3.649361678981222e-05
1.054e-07,3.649361678981222e-05
6.815e-06,3.649361678981222e-05
1.525e-05,3.649361678981222e-05
1.3e-07,3.649361678981222e-05
0.001317,3.649361678981222e-05
3.046e-07,3.649361678981222e-05
1.153e-07,3.649361678981222e-05
4.634e-07,3.649361678981222e-05
2.979e-07,3.649361678981222e-05
8.523e-06,3.649361678981222e-05
6.733e-06,3.649361678981222e-05
1.442e-07,3.649361678981222e-05
9.976e-08,3.649361678981222e-05
1.875e-05,3.649361678981222e-05
4.759e-06,3.649361678981222e-05
3.148e-07,3.649361678981222e-05
1.761e-05,3.649361678981222e-05
3.391e-05,3.649361678981222e-05
1.976e-07,3.649361678981222e-05
5.26e-06,3.649361678981222e-05
3.277e-06,3.649361678981222e-05
5.482e-06,3.649361678981222e-05
7.209e-06,3.649361678981222e-05
4.984e-06,3.649361678981222e-05
6.983e-08,3.649361678981222e-05
2.159e-07,3.649361678981222e-05
6.025e-06,3.649361678981222e-05
4.726e-06,3.649361678981222e-05
1.313e-07,3.649361678981222e-05
2.544e-06,3.649361678981222e-05
5.518e-06,3.649361678981222e-05
9.237e-06,3.649361678981222e-05
1.639e-06,3.649361678981222e-05
3.44e-06,3.649361678981222e-05
2.273e-07,3.649361678981222e-05
8.599e-08,3.649361678981222e-05
4.49e-07,3.649361678981222e-05
1.085e-05,3.649361678981222e-05
2.174e-05,3.649361678981222e-05
3.447e-05,3.649361678981222e-05
8.708e-07,3.649361678981222e-05
8.97e-07,3.649361678981222e-05
5.724e-05,3.649361678981222e-05
1.044e-05,3.649361678981222e-05
1.283e-07,3.649361678981222e-05
1.003e-05,3.649361678981222e-05
6.56e-06,3.649361678981222e-05
3.498e-06,3.649361678981222e-05
7.568e-06,3.649361678981222e-05
4.692e-06,3.649361678981222e-05
8.605e-08,3.649361678981222e-05
4.667e-06,3.649361678981222e-05
7.962e-08,3.649361678981222e-05
7.09e-06,3.649361678981222e-05
2.907e-06,3.649361678981222e-05
8.918e-08,3.649361678981222e-05
6.389e-08,3.649361678981222e-05
7.109e-05,3.649361678981222e-05
3.037e-05,3.649361678981222e-05
2.285e-07,3.649361678981222e-05
6.377e-08,3.649361678981222e-05
4.313e-06,3.649361678981222e-05
4.955e-06,3.649361678981222e-05
8.745e-07,3.649361678981222e-05
9.597e-06,3.649361678981222e-05
2.499e-05,3.649361678981222e-05
1.091e-06,3.649361678981222e-05
5.684e-06,3.649361678981222e-05
6.43e-06,3.649361678981222e-05
5.527e-06,3.649361678981222e-05
3.068e-06,3.649361678981222e-05
1.064e-05,3.649361678981222e-05
3.309e-06,3.649361678981222e-05
5.584e-06,3.649361678981222e-05
4.956e-06,3.649361678981222e-05
2.905e-05,3.649361678981222e-05
2.566e-07,3.649361678981222e-05
1.23e-05,3.649361678981222e-05
2.551e-06,3.649361678981222e-05
2.897e-07,3.649361678981222e-05
3.31e-05,3.649361678981222e-05
1.409e-06,3.649361678981222e-05
3.197e-06,3.649361678981222e-05
9.026e-06,3.649361678981222e-05
9.19e-06,3.649361678981222e-05
1.07e-07,3.649361678981222e-05
2.29e-07,3.649361678981222e-05
4.57e-06,3.649361678981222e-05
3.578e-07,3.649361678981222e-05
8.517e-06,3.649361678981222e-05
2.321e-07,3.649361678981222e-05
1.386e-06,3.649361678981222e-05
1.093e-05,3.649361678981222e-05
8.072e-06,3.649361678981222e-05
6.217e-07,3.649361678981222e-05
8.129e-05,3.649361678981222e-05
3.788e-06,3.649361678981222e-05
7.376e-06,3.649361678981222e-05
9.462e-06,3.649361678981222e-05
3.265e-05,3.649361678981222e-05
6.576e-06,3.649361678981222e-05
2.809e-07,3.649361678981222e-05
6.083e-06,3.649361678981222e-05
3.432e-07,3.649361678981222e-05
4e-05,3.649361678981222e-05
1.263e-05,3.649361678981222e-05
9.073e-06,3.649361678981222e-05
1.42e-05,3.649361678981222e-05
1.981e-06,3.649361678981222e-05
1.518e-05,3.649361678981222e-05
4.536e-06,3.649361678981222e-05
4.605e-06,3.649361678981222e-05
5.064e-07,3.649361678981222e-05
1.002e-05,3.649361678981222e-05
1.094e-05,3.649361678981222e-05
5.248e-06,3.649361678981222e-05
5.833e-06,3.649361678981222e-05
1.555e-07,3.649361678981222e-05
1.819e-05,3.649361678981222e-05
1.644e-05,3.649361678981222e-05
7.863e-06,3.649361678981222e-05
4.368e-06,3.649361678981222e-05
2.096e-05,3.649361678981222e-05
7.762e-08,3.649361678981222e-05
8.186e-07,3.649361678981222e-05
1.172e-05,3.649361678981222e-05
5.568e-06,3.649361678981222e-05
3.971e-05,3.649361678981222e-05
6.1e-06,3.649361678981222e-05
1.914e-07,3.649361678981222e-05
4.984e-05,3.649361678981222e-05
4.007e-06,3.649361678981222e-05
5.149e-07,3.649361678981222e-05
5.829e-07,3.649361678981222e-05
2.449e-05,3.649361678981222e-05
3.191e-06,3.649361678981222e-05
2.57e-05,3.649361678981222e-05
1.518e-07,3.649361678981222e-05
1.036e-05,3.649361678981222e-05
1.416e-05,3.649361678981222e-05
6.934e-06,3.649361678981222e-05
1.3e-05,3.649361678981222e-05
2.559e-05,3.649361678981222e-05
7.25e-06,3.649361678981222e-05
1.941e-07,3.649361678981222e-05
2.684e-06,3.649361678981222e-05
1.098e-06,3.649361678981222e-05
3.206e-06,3.649361678981222e-05
8.429e-06,3.649361678981222e-05
6.255e-06,3.649361678981222e-05
5.516e-06,3.649361678981222e-05
2.976e-06,3.649361678981222e-05
2.182e-06,3.649361678981222e-05
3.112e-06,3.649361678981222e-05
1.634e-07,3.649361678981222e-05
5.811e-06,3.649361678981222e-05
1.286e-05,3.649361678981222e-05
0.0001709,3.649361678981222e-05
2.426e-05,3.649361678981222e-05
1.355e-06,3.649361678981222e-05
6.898e-06,3.649361678981222e-05
4.772e-06,3.649361678981222e-05
0.0004558,3.649361678981222e-05
1.048e-06,3.649361678981222e-05
2.304e-06,3.649361678981222e-05
1.083e-05,3.649361678981222e-05
5.964e-06,3.649361678981222e-05
1.187e-06,3.649361678981222e-05
3.369e-05,3.649361678981222e-05
6.076e-06,3.649361678981222e-05
4.665e-06,3.649361678981222e-05
7.019e-06,3.649361678981222e-05
6.772e-06,3.649361678981222e-05
6.827e-07,3.649361678981222e-05
4.489e-06,3.649361678981222e-05
4.666e-06,3.649361678981222e-05
6.369e-05,3.649361678981222e-05
2.487e-07,3.649361678981222e-05
1.597e-05,3.649361678981222e-05
1.15e-05,3.649361678981222e-05
7.71e-06,3.649361678981222e-05
2.772e-06,3.649361678981222e-05
5.558e-06,3.649361678981222e-05
2.724e-05,3.649361678981222e-05
3.314e-07,3.649361678981222e-05
1.91e-05,3.649361678981222e-05
5.468e-06,3.649361678981222e-05
4.042e-07,3.649361678981222e-05
3.551e-06,3.649361678981222e-05
6.491e-06,3.649361678981222e-05
1.397e-07,3.649361678981222e-05
4.354e-06,3.649361678981222e-05
2.564e-07,3.649361678981222e-05
3.207e-07,3.649361678981222e-05
2.709e-06,3.649361678981222e-05
6.946e-06,3.649361678981222e-05
4.559e-06,3.649361678981222e-05
5.176e-06,3.649361678981222e-05
6.147e-06,3.649361678981222e-05
4.788e-05,3.649361678981222e-05
8.254e-06,3.649361678981222e-05
6.115e-06,3.649361678981222e-05
3.889e-07,3.649361678981222e-05
2.886e-05,3.649361678981222e-05
2.604e-06,3.649361678981222e-05
5.815e-06,3.649361678981222e-05
5.988e-06,3.649361678981222e-05
6.775e-07,3.649361678981222e-05
2.208e-06,3.649361678981222e-05
6.218e-08,3.649361678981222e-05
1.123e-05,3.649361678981222e-05
4.756e-05,3.649361678981222e-05
8.848e-06,3.649361678981222e-05
6.364e-06,3.649361678981222e-05
1.32e-07,3.649361678981222e-05
6.259e-06,3.649361678981222e-05
3.64e-06,3.649361678981222e-05
2.288e-05,3.649361678981222e-05
1.971e-06,3.649361678981222e-05
1.789e-06,3.649361678981222e-05
1.215e-07,3.649361678981222e-05
5.581e-06,3.649361678981222e-05
8.874e-08,3.649361678981222e-05
7.946e-06,3.649361678981222e-05
4.757e-06,3.649361678981222e-05
3.699e-07,3.649361678981222e-05
5.116e-06,3.649361678981222e-05
7.89e-08,3.649361678981222e-05
7.055e-05,3.649361678981222e-05
1.622e-07,3.649361678981222e-05
5.657e-06,3.649361678981222e-05
1.892e-07,3.649361678981222e-05
1.394e-07,3.649361678981222e-05
1.281e-07,3.649361678981222e-05
1.8e-07,3.649361678981222e-05
1.231e-05,3.649361678981222e-05
2.509e-06,3.649361678981222e-05
4.046e-07,3.649361678981222e-05
7.965e-06,3.649361678981222e-05
5.229e-07,3.649361678981222e-05
8.193e-06,3.649361678981222e-05
9.89e-06,3.649361678981222e-05
6.803e-08,3.649361678981222e-05
3.334e-05,3.649361678981222e-05
2.267e-05,3.649361678981222e-05
4.369e-06,3.649361678981222e-05
3.668e-06,3.649361678981222e-05
4.478e-06,3.649361678981222e-05
2.572e-07,3.649361678981222e-05
5.426e-06,3.649361678981222e-05
2.342e-06,3.649361678981222e-05
3.213e-07,3.649361678981222e-05
3.469e-05,3.649361678981222e-05
3.928e-06,3.649361678981222e-05
4.652e-06,3.649361678981222e-05
4.351e-06,3.649361678981222e-05
1.946e-05,3.649361678981222e-05
2.739e-06,3.649361678981222e-05
2.058e-07,3.649361678981222e-05
5.605e-05,3.649361678981222e-05
3.083e-06,3.649361678981222e-05
3.078e-06,3.649361678981222e-05
1.847e-05,3.649361678981222e-05
3.142e-06,3.649361678981222e-05
1.112e-05,3.649361678981222e-05
4.67e-06,3.649361678981222e-05
7.464e-08,3.649361678981222e-05
0.0002086,3.649361678981222e-05
2.528e-07,3.649361678981222e-05
1.898e-07,3.649361678981222e-05
4.248e-06,3.649361678981222e-05
3.483e-06,3.649361678981222e-05
4.873e-06,3.649361678981222e-05
2.621e-05,3.649361678981222e-05
1.588e-07,3.649361678981222e-05
7.443e-06,3.649361678981222e-05
9.739e-07,3.649361678981222e-05
3.359e-05,3.649361678981222e-05
1.635e-07,3.649361678981222e-05
8.359e-06,3.649361678981222e-05
6.187e-07,3.649361678981222e-05
2.761e-06,3.649361678981222e-05
3.278e-05,3.649361678981222e-05
3.901e-06,3.649361678981222e-05
7.355e-08,3.649361678981222e-05
7.379e-06,3.649361678981222e-05
4.285e-06,3.649361678981222e-05
4.216e-06,3.649361678981222e-05
7.981e-06,3.649361678981222e-05
1.124e-05,3.649361678981222e-05
7.559e-06,3.649361678981222e-05
1.131e-06,3.649361678981222e-05
2.44e-05,3.649361678981222e-05
3.905e-06,3.649361678981222e-05
3.877e-07,3.649361678981222e-05
1.611e-05,3.649361678981222e-05
2.829e-06,3.649361678981222e-05
7.032e-08,3.649361678981222e-05
7.216e-06,3.649361678981222e-05
2.766e-07,3.649361678981222e-05
8.776e-06,3.649361678981222e-05
2.399e-07,3.649361678981222e-05
1.082e-05,3.649361678981222e-05
6.042e-06,3.649361678981222e-05
5.808e-07,3.649361678981222e-05
2.643e-07,3.649361678981222e-05
1.642e-07,3.649361678981222e-05
4.761e-06,3.649361678981222e-05
6.766e-06,3.649361678981222e-05
3.477e-07,3.649361678981222e-05
3.836e-06,3.649361678981222e-05
4.806e-06,3.649361678981222e-05
1.014e-05,3.649361678981222e-05
6.824e-08,3.649361678981222e-05
4.395e-07,3.649361678981222e-05
7.561e-06,3.649361678981222e-05
1.461e-06,3.649361678981222e-05
2.182e-07,3.649361678981222e-05
3.769e-05,3.649361678981222e-05
8.621e-06,3.649361678981222e-05
9.539e-05,3.649361678981222e-05
3.903e-06,3.649361678981222e-05
2.254e-05,3.649361678981222e-05
5.015e-06,3.649361678981222e-05
9.314e-06,3.649361678981222e-05
4.035e-05,3.649361678981222e-05
1.72e-07,3.649361678981222e-05
0.000115,3.649361678981222e-05
3.881e-06,3.649361678981222e-05
4.832e-06,3.649361678981222e-05
5.443e-06,3.649361678981222e-05
1.127e-07,3.649361678981222e-05
1.451e-05,3.649361678981222e-05
7.447e-06,3.649361678981222e-05
7.833e-06,3.649361678981222e-05
7.701e-06,3.649361678981222e-05
1.523e-07,3.649361678981222e-05
1.273e-05,3.649361678981222e-05
4.785e-06,3.649361678981222e-05
6.933e-06,3.649361678981222e-05
5.78e-06,3.649361678981222e-05
2.329e-07,3.649361678981222e-05
7.325e-06,3.649361678981222e-05
3.473e-07,3.649361678981222e-05
1.534e-07,3.649361678981222e-05
2.776e-05,3.649361678981222e-05
5.685e-07,3.649361678981222e-05
6.856e-06,3.649361678981222e-05
3.135e-06,3.649361678981222e-05
1.531e-07,3.649361678981222e-05
8.735e-08,3.649361678981222e-05
1.691e-05,3.649361678981222e-05
1.016e-05,3.649361678981222e-05
5.859e-06,3.649361678981222e-05
3.349e-07,3.649361678981222e-05
8.954e-08,3.649361678981222e-05
2.681e-06,3.649361678981222e-05
1.472e-07,3.649361678981222e-05
2.529e-07,3.649361678981222e-05
1.038e-07,3.649361678981222e-05
3.306e-05,3.649361678981222e-05
8.26e-06,3.649361678981222e-05
1.003e-05,3.649361678981222e-05
2.491e-05,3.649361678981222e-05
4.481e-06,3.649361678981222e-05
3.705e-06,3.649361678981222e-05
4.23e-06,3.649361678981222e-05
2.485e-07,3.649361678981222e-05
1.266e-05,3.649361678981222e-05
1.881e-05,3.649361678981222e-05
1.599e-05,3.649361678981222e-05
2.523e-07,3.649361678981222e-05
2.424e-07,3.649361678981222e-05
6.865e-06,3.649361678981222e-05
3.561e-05,3.649361678981222e-05
1.798e-07,3.649361678981222e-05
7.756e-06,3.649361678981222e-05
1.192e-05,3.649361678981222e-05
3.167e-06,3.649361678981222e-05
6.331e-06,3.649361678981222e-05
8.425e-05,3.649361678981222e-05
9.269e-08,3.649361678981222e-05
1.063e-05,3.649361678981222e-05
2.251e-07,3.649361678981222e-05
8.436e-07,3.649361678981222e-05
5.991e-06,3.649361678981222e-05
6.068e-06,3.649361678981222e-05
