6.214e-06,3.649361678981222e-05
2.503e-05,3.649361678981222e-05
9.348e-08,3.649361678981222e-05
4.46e-06,3.649361678981222e-05
7.925e-08,3.649361678981222e-05
3.294e-07,3.649361678981222e-05
7.369e-07,3.649361678981222e-05
5.705e-06,3.649361678981222e-05
6.451e-06,3.649361678981222e-05
5.322e-06,3.649361678981222e-05
3.517e-06,3.649361678981222e-05
8.716e-06,3.649361678981222e-05
3.466e-07,3.649361678981222e-05
2.667e-06,3.649361678981222e-05
3.328e-06,3.649361678981222e-05
7.702e-06,3.649361678981222e-05
7.233e-06,3.649361678981222e-05
3.494e-06,3.649361678981222e-05
1.657e-05,3.649361678981222e-05
3.452e-07,3.649361678981222e-05
7.993e-06,3.649361678981222e-05
7.217e-06,3.649361678981222e-05
1.126e-07,3.649361678981222e-05
4.807e-07,3.649361678981222e-05
6.395e-05,3.649361678981222e-05
6.851e-06,3.649361678981222e-05
2.474e-07,3.649361678981222e-05
1.002e-05,3.649361678981222e-05
4.627e-06,3.649361678981222e-05
7.833e-08,3.649361678981222e-05
1.269e-05,3.649361678981222e-05
2.258e-05,3.649361678981222e-05
6.371e-06,3.649361678981222e-05
5.649e-06,3.649361678981222e-05
4.394e-07,3.649361678981222e-05
5.476e-05,3.649361678981222e-05
3.278e-07,3.649361678981222e-05
8.279e-06,3.649361678981222e-05
2.025e-05,3.649361678981222e-05
3.388e-06,3.649361678981222e-05
8.823e-07,3.649361678981222e-05
4.025e-06,3.649361678981222e-05
3.624e-07,3.649361678981222e-05
1.036e-06,3.649361678981222e-05
4.828e-06,3.649361678981222e-05
5.069e-05,3.649361678981222e-05
4.863e-06,3.649361678981222e-05
2.666e-07,3.649361678981222e-05
8.938e-08,3.649361678981222e-05
9.877e-06,3.649361678981222e-05
4.581e-07,3.649361678981222e-05
4.213e-06,3.649361678981222e-05
5.108e-06,3.649361678981222e-05
1.508e-07,3.649361678981222e-05
7.486e-06,3.649361678981222e-05
8.441e-07,3.649361678981222e-05
7.338e-06,3.649361678981222e-05
2.932e-05,3.649361678981222e-05
0.0001073,3.649361678981222e-05
6.436e-05,3.649361678981222e-05
9.55e-08,3.649361678981222e-05
1.542e-05,3.649361678981222e-05
4.338e-07,3.649361678981222e-05
4.615e-07,3.649361678981222e-05
1.933e-07,3.649361678981222e-05
5.015e-06,3.649361678981222e-05
1.334e-05,3.649361678981222e-05
4.607e-07,3.649361678981222e-05
0.0001039,3.649361678981222e-05
2.945e-06,3.649361678981222e-05
1.126e-07,3.649361678981222e-05
4.375e-06,3.649361678981222e-05
7.928e-06,3.649361678981222e-05
5.228e-05,3.649361678981222e-05
4.952e-06,3.649361678981222e-05
2.774e-06,3.649361678981222e-05
9.691e-08,3.649361678981222e-05
5.428e-06,3.649361678981222e-05
7.57e-06,3.649361678981222e-05
4.676e-06,3.649361678981222e-05
3.69e-06,3.649361678981222e-05
2.456e-07,3.649361678981222e-05
9.453e-06,3.649361678981222e-05
2.718e-06,3.649361678981222e-05
1.1e-05,3.649361678981222e-05
5.833e-06,3.649361678981222e-05
4.903e-06,3.649361678981222e-05
5.347e-06,3.649361678981222e-05
1.228e-05,3.649361678981222e-05
3.684e-06,3.649361678981222e-05
3.618e-06,3.649361678981222e-05
2.944e-06,3.649361678981222e-05
5.914e-06,3.649361678981222e-05
5.439e-06,3.649361678981222e-05
7.32e-08,3.649361678981222e-05
4.752e-07,3.649361678981222e-05
2.249e-05,3.649361678981222e-05
4.194e-06,3.649361678981222e-05
4.628e-06,3.649361678981222e-05
1.839e-05,3.649361678981222e-05
1.527e-07,3.649361678981222e-05
6.077e-06,3.649361678981222e-05
1.363e-05,3.649361678981222e-05
2.043e-07,3.649361678981222e-05
2.922e-05,3.649361678981222e-05
9.655e-06,3.649361678981222e-05
1.988e-05,3.649361678981222e-05
3.193e-06,3.649361678981222e-05
7.345e-06,3.649361678981222e-05
1.404e-05,3.649361678981222e-05
6.366e-06,3.649361678981222e-05
6.846e-06,3.649361678981222e-05
2.741e-05,3.649361678981222e-05
1.078e-06,3.649361678981222e-05
4.529e-06,3.649361678981222e-05
4.672e-05,3.649361678981222e-05
4.033e-06,3.649361678981222e-05
1.613e-07,3.649361678981222e-05
5.322e-06,3.649361678981222e-05
4.277e-05,3.649361678981222e-05
9.944e-06,3.649361678981222e-05
3.924e-06,3.649361678981222e-05
1.239e-05,3.649361678981222e-05
0.0001459,3.649361678981222e-05
2.39e-07,3.649361678981222e-05
1.187e-07,3.649361678981222e-05
1.209e-05,3.649361678981222e-05
0.0003718,3.649361678981222e-05
5.041e-06,3.649361678981222e-05
3.693e-06,3.649361678981222e-05
2.915e-07,3.649361678981222e-05
1.551e-05,3.649361678981222e-05
3.947e-07,3.649361678981222e-05
5.13e-06,3.649361678981222e-05
3.154e-07,3.649361678981222e-05
6.692e-06,3.649361678981222e-05
1.589e-07,3.649361678981222e-05
4.336e-06,3.649361678981222e-05
2.695e-06,3.649361678981222e-05
8.736e-06,3.649361678981222e-05
4.092e-06,3.649361678981222e-05
7.298e-08,3.649361678981222e-05
1.835e-07,3.649361678981222e-05
9.764e-06,3.649361678981222e-05
4.264e-06,3.649361678981222e-05
3.391e-07,3.649361678981222e-05
3.586e-05,3.649361678981222e-05
6.17e-06,3.649361678981222e-05
7.97e-08,3.649361678981222e-05
4.963e-06,3.649361678981222e-05
1.035e-05,3.649361678981222e-05
4.101e-05,3.649361678981222e-05
6.965e-06,3.649361678981222e-05
0.0002377,3.649361678981222e-05
1.085e-07,3.649361678981222e-05
2.574e-07,3.649361678981222e-05
1.357e-07,3.649361678981222e-05
2.618e-05,3.649361678981222e-05
8.669e-06,3.649361678981222e-05
4.691e-05,3.649361678981222e-05
1.782e-07,3.649361678981222e-05
4.894e-06,3.649361678981222e-05
4.013e-06,3.649361678981222e-05
1.266e-07,3.649361678981222e-05
1.607e-07,3.649361678981222e-05
2.727e-06,3.649361678981222e-05
0.0003828,3.649361678981222e-05
7.093e-08,3.649361678981222e-05
6.512e-06,3.649361678981222e-05
7.696e-06,3.649361678981222e-05
6.631e-06,3.649361678981222e-05
7.529e-06,3.649361678981222e-05
7.862e-06,3.649361678981222e-05
6.109e-06,3.649361678981222e-05
3.4e-06,3.649361678981222e-05
1.763e-07,3.649361678981222e-05
8.294e-06,3.649361678981222e-05
3.782e-05,3.649361678981222e-05
2.788e-06,3.649361678981222e-05
1.272e-07,3.649361678981222e-05
2.592e-06,3.649361678981222e-05
1.135e-05,3.649361678981222e-05
1.554e-06,3.649361678981222e-05
2.284e-07,3.649361678981222e-05
5.278e-06,3.649361678981222e-05
1.385e-05,3.649361678981222e-05
6.998e-05,3.649361678981222e-05
8.971e-06,3.649361678981222e-05
1.236e-07,3.649361678981222e-05
5.716e-06,3.649361678981222e-05
7.254e-06,3.649361678981222e-05
2.384e-05,3.649361678981222e-05
1.173e-06,3.649361678981222e-05
0.0002055,3.649361678981222e-05
8.915e-06,3.649361678981222e-05
4.974e-06,3.649361678981222e-05
1.082e-05,3.649361678981222e-05
5.417e-06,3.649361678981222e-05
2.878e-07,3.649361678981222e-05
8.457e-06,3.649361678981222e-05
2.601e-05,3.649361678981222e-05
8.193e-06,3.649361678981222e-05
3.276e-05,3.649361678981222e-05
4.838e-07,3.649361678981222e-05
3.83e-07,3.649361678981222e-05
6.929e-06,3.649361678981222e-05
1.034e-07,3.649361678981222e-05
3.821e-05,3.649361678981222e-05
6.471e-06,3.649361678981222e-05
9.752e-07,3.649361678981222e-05
8.823e-06,3.649361678981222e-05
1.035e-05,3.649361678981222e-05
1.752e-07,3.649361678981222e-05
9.359e-08,3.649361678981222e-05
2.339e-06,3.649361678981222e-05
8.849e-07,3.649361678981222e-05
1.047e-05,3.649361678981222e-05
2.555e-05,3.649361678981222e-05
1.434e-06,3.649361678981222e-05
6.099e-06,3.649361678981222e-05
4.41e-06,3.649361678981222e-05
3.04e-06,3.649361678981222e-05
2.862e-07,3.649361678981222e-05
2.54e-07,3.649361678981222e-05
1.197e-07,3.649361678981222e-05
2.133e-07,3.649361678981222e-05
3.004e-07,3.649361678981222e-05
9.285e-06,3.649361678981222e-05
1.311e-07,3.649361678981222e-05
1.927e-05,3.649361678981222e-05
2.682e-05,3.649361678981222e-05
1.548e-05,3.649361678981222e-05
1.59e-05,3.649361678981222e-05
4.488e-07,3.649361678981222e-05
3.092e-06,3.649361678981222e-05
6.161e-06,3.649361678981222e-05
5.87e-06,3.649361678981222e-05
2.942e-07,3.649361678981222e-05
1.387e-07,3.649361678981222e-05
4.688e-06,3.649361678981222e-05
8.169e-06,3.649361678981222e-05
1.769e-07,3.649361678981222e-05
8.198e-07,3.649361678981222e-05
5.628e-06,3.649361678981222e-05
1.081e-07,3.649361678981222e-05
2.217e-07,3.649361678981222e-05
1.557e-07,3.649361678981222e-05
2.676e-07,3.649361678981222e-05
2.802e-06,3.649361678981222e-05
2.38e-06,3.649361678981222e-05
2.258e-07,3.649361678981222e-05
3.353e-06,3.649361678981222e-05
3.141e-07,3.649361678981222e-05
7.907e-06,3.649361678981222e-05
1.456e-05,3.649361678981222e-05
2.208e-06,3.649361678981222e-05
3.511e-06,3.649361678981222e-05
5.444e-06,3.649361678981222e-05
4.843e-05,3.649361678981222e-05
0.0006894,3.649361678981222e-05
1.228e-06,3.649361678981222e-05
2.479e-06,3.649361678981222e-05
5.175e-05,3.649361678981222e-05
3.19e-07,3.649361678981222e-05
4.306e-06,3.649361678981222e-05
9.77e-07,3.649361678981222e-05
3.006e-05,3.649361678981222e-05
8.181e-07,3.649361678981222e-05
7.36e-07,3.649361678981222e-05
1.025e-05,3.649361678981222e-05
8.834e-06,3.649361678981222e-05
2.974e-07,3.649361678981222e-05
1.284e-07,3.649361678981222e-05
5.374e-06,3.649361678981222e-05
7.163e-06,3.649361678981222e-05
7.911e-05,3.649361678981222e-05
7.045e-06,3.649361678981222e-05
2.268e-06,3.649361678981222e-05
2.06e-05,3.649361678981222e-05
7.044e-07,3.649361678981222e-05
4.814e-07,3.649361678981222e-05
3.572e-06,3.649361678981222e-05
1.59e-07,3.649361678981222e-05
1.613e-05,3.649361678981222e-05
7.723e-06,3.649361678981222e-05
2.568e-07,3.649361678981222e-05
1.208e-05,3.649361678981222e-05
1.061e-05,3.649361678981222e-05
1.624e-05,3.649361678981222e-05
2.343e-06,3.649361678981222e-05
7.684e-06,3.649361678981222e-05
1.16e-07,3.649361678981222e-05
2.225e-07,3.649361678981222e-05
6.486e-07,3.649361678981222e-05
3.955e-06,3.649361678981222e-05
1.453e-05,3.649361678981222e-05
5.459e-06,3.649361678981222e-05
6.501e-06,3.649361678981222e-05
8.123e-06,3.649361678981222e-05
7.196e-07,3.649361678981222e-05
2.184e-05,3.649361678981222e-05
5.959e-06,3.649361678981222e-05
7.329e-07,3.649361678981222e-05
1.237e-07,3.649361678981222e-05
1.247e-07,3.649361678981222e-05
5.633e-06,3.649361678981222e-05
1.003e-05,3.649361678981222e-05
5.039e-06,3.649361678981222e-05
8.469e-08,3.649361678981222e-05
2.636e-06,3.649361678981222e-05
2.241e-07,3.649361678981222e-05
1.512e-05,3.649361678981222e-05
7.304e-06,3.649361678981222e-05
3.689e-06,3.649361678981222e-05
0.0002479,3.649361678981222e-05
3.074e-06,3.649361678981222e-05
2.021e-05,3.649361678981222e-05
2.385e-07,3.649361678981222e-05
2.805e-06,3.649361678981222e-05
4.566e-06,3.649361678981222e-05
4.456e-07,3.649361678981222e-05
1.561e-05,3.649361678981222e-05
5.441e-06,3.649361678981222e-05
1.249e-05,3.649361678981222e-05
5.099e-06,3.649361678981222e-05
8.113e-08,3.649361678981222e-05
3.577e-07,3.649361678981222e-05
9.592e-06,3.649361678981222e-05
5.226e-06,3.649361678981222e-05
3.445e-06,3.649361678981222e-05
1.407e-06,3.649361678981222e-05
6.086e-05,3.649361678981222e-05
3.361e-07,3.649361678981222e-05
6.879e-08,3.649361678981222e-05
5.056e-06,3.649361678981222e-05
1.417e-05,3.649361678981222e-05
1.002e-05,3.649361678981222e-05
1.758e-07,3.649361678981222e-05
6.576e-07,3.649361678981222e-05
9.094e-07,3.649361678981222e-05
9.324e-06,3.649361678981222e-05
3.552e-07,3.649361678981222e-05
1.246e-05,3.649361678981222e-05
6.926e-07,3.649361678981222e-05
5.687e-07,3.649361678981222e-05
6.628e-06,3.649361678981222e-05
7.762e-08,3.649361678981222e-05
1.245e-05,3.649361678981222e-05
6.49e-06,3.649361678981222e-05
9.504e-08,3.649361678981222e-05
2.291e-05,3.649361678981222e-05
4.777e-06,3.649361678981222e-05
6.311e-08,3.649361678981222e-05
6.116e-06,3.649361678981222e-05
1.433e-05,3.649361678981222e-05
1.044e-07,3.649361678981222e-05
3.8e-05,3.649361678981222e-05
2.237e-06,3.649361678981222e-05
3.704e-07,3.649361678981222e-05
4.231e-06,3.649361678981222e-05
1.115e-06,3.649361678981222e-05
5.106e-08,3.649361678981222e-05
0.000124,3.649361678981222e-05
9.836e-07,3.649361678981222e-05
1.145e-07,3.649361678981222e-05
7.674e-06,3.649361678981222e-05
1.092e-06,3.649361678981222e-05
3.288e-06,3.649361678981222e-05
5.279e-06,3.649361678981222e-05
1.254e-05,3.649361678981222e-05
1.396e-07,3.649361678981222e-05
4.194e-05,3.649361678981222e-05
7.272e-06,3.649361678981222e-05
2.494e-06,3.649361678981222e-05
1.408e-05,3.649361678981222e-05
6.037e-05,3.649361678981222e-05
7.86e-07,3.649361678981222e-05
9.946e-06,3.649361678981222e-05
3.305e-06,3.649361678981222e-05
5.315e-05,3.649361678981222e-05
8.49e-06,3.649361678981222e-05
1.133e-05,3.649361678981222e-05
2.779e-06,3.649361678981222e-05
9.924e-08,3.649361678981222e-05
1.288e-05,3.649361678981222e-05
4.97e-06,3.649361678981222e-05
9.191e-05,3.649361678981222e-05
2.665e-06,3.649361678981222e-05
1.258e-05,3.649361678981222e-05
3.009e-06,3.649361678981222e-05
1.564e-07,3.649361678981222e-05
1.336e-07,3.649361678981222e-05
6.641e-06,3.649361678981222e-05
3.218e-06,3.649361678981222e-05
1.385e-05,3.649361678981222e-05
6.912e-06,3.649361678981222e-05
2.348e-06,3.649361678981222e-05
2.223e-06,3.649361678981222e-05
2.798e-07,3.649361678981222e-05
2.815e-07,3.649361678981222e-05
8.244e-08,3.649361678981222e-05
3.983e-06,3.649361678981222e-05
2.303e-06,3.649361678981222e-05
1.568e-06,3.649361678981222e-05
2.566e-07,3.649361678981222e-05
2.106e-06,3.649361678981222e-05
1.241e-07,3.649361678981222e-05
1.919e-05,3.649361678981222e-05
3.939e-05,3.649361678981222e-05
9.501e-06,3.649361678981222e-05
5.708e-06,3.649361678981222e-05
7.336e-07,3.649361678981222e-05
1.762e-07,3.649361678981222e-05
4.705e-06,3.649361678981222e-05
2.992e-06,3.649361678981222e-05
7.164e-06,3.649361678981222e-05
3.414e-05,3.649361678981222e-05
7.683e-05,3.649361678981222e-05
1.067e-05,3.649361678981222e-05
7.77e-06,3.649361678981222e-05
4.906e-06,3.649361678981222e-05
0.0004269,3.649361678981222e-05
5.61e-05,3.649361678981222e-05
6.962e-06,3.649361678981222e-05
6.232e-07,3.649361678981222e-05
4.272e-06,3.649361678981222e-05
1.071e-05,3.649361678981222e-05
5.698e-06,3.649361678981222e-05
1.031e-05,3.649361678981222e-05
1.578e-07,3.649361678981222e-05
1.197e-07,3.649361678981222e-05
9.441e-06,3.649361678981222e-05
5.933e-06,3.649361678981222e-05
2.629e-06,3.649361678981222e-05
1.222e-07,3.649361678981222e-05
4.572e-07,3.649361678981222e-05
1.145e-05,3.649361678981222e-05
1.752e-05,3.649361678981222e-05
4.304e-05,3.649361678981222e-05
6.459e-06,3.649361678981222e-05
7.156e-06,3.649361678981222e-05
6.152e-06,3.649361678981222e-05
1.396e-05,3.649361678981222e-05
6.783e-06,3.649361678981222e-05
2.155e-05,3.649361678981222e-05
5.784e-07,3.649361678981222e-05
2.045e-07,3.649361678981222e-05
8.782e-06,3.649361678981222e-05
3.397e-06,3.649361678981222e-05
1.37e-07,3.649361678981222e-05
5.017e-06,3.649361678981222e-05
8.155e-07,3.649361678981222e-05
1.596e-05,3.649361678981222e-05
1.875e-05,3.649361678981222e-05
2.238e-07,3.649361678981222e-05
2.748e-07,3.649361678981222e-05
6.041e-06,3.649361678981222e-05
1.154e-06,3.649361678981222e-05
2.517e-06,3.649361678981222e-05
5.184e-07,3.649361678981222e-05
0.0001852,3.649361678981222e-05
2.255e-07,3.649361678981222e-05
2.999e-06,3.649361678981222e-05
4.292e-06,3.649361678981222e-05
1.203e-05,3.649361678981222e-05
1.366e-07,3.649361678981222e-05
6.801e-06,3.649361678981222e-05
7.889e-08,3.649361678981222e-05
2.727e-06,3.649361678981222e-05
5.023e-06,3.649361678981222e-05
3.477e-06,3.649361678981222e-05
9.547e-06,3.649361678981222e-05
2.48e-07,3.649361678981222e-05
9.658e-06,3.649361678981222e-05
3.566e-07,3.649361678981222e-05
3.389e-06,3.649361678981222e-05
3.062e-06,3.649361678981222e-05
1.306e-07,3.649361678981222e-05
3.93e-07,3.649361678981222e-05
3.728e-06,3.649361678981222e-05
4.594e-06,3.649361678981222e-05
2.659e-07,3.649361678981222e-05
6.502e-06,3.649361678981222e-05
7.518e-06,3.649361678981222e-05
2.454e-07,3.649361678981222e-05
4.801e-06,3.649361678981222e-05
6.59e-07,3.649361678981222e-05
4.412e-06,3.649361678981222e-05
2.25e-05,3.649361678981222e-05
6.652e-08,3.649361678981222e-05
1.201e-05,3.649361678981222e-05
6.295e-05,3.649361678981222e-05
0.0001208,3.649361678981222e-05
9.135e-06,3.649361678981222e-05
1.909e-06,3.649361678981222e-05
2.305e-06,3.649361678981222e-05
9.742e-07,3.649361678981222e-05
0.0002171,3.649361678981222e-05
3.353e-06,3.649361678981222e-05
3.411e-06,3.649361678981222e-05
1.725e-05,3.649361678981222e-05
1.826e-05,3.649361678981222e-05
7.506e-06,3.649361678981222e-05
8.22e-06,3.649361678981222e-05
6.185e-06,3.649361678981222e-05
3.55e-06,3.649361678981222e-05
2.222e-06,3.649361678981222e-05
9.085e-06,3.649361678981222e-05
2.789e-06,3.649361678981222e-05
6.688e-06,3.649361678981222e-05
1.857e-07,3.649361678981222e-05
9.872e-06,3.649361678981222e-05
2.392e-07,3.649361678981222e-05
1.724e-07,3.649361678981222e-05
1.845e-06,3.649361678981222e-05
5.281e-06,3.649361678981222e-05
3.408e-05,3.649361678981222e-05
8.741e-08,3.649361678981222e-05
4.304e-07,3.649361678981222e-05
6.009e-06,3.649361678981222e-05
1.425e-05,3.649361678981222e-05
1.998e-07,3.649361678981222e-05
7.658e-06,3.649361678981222e-05
5.184e-06,3.649361678981222e-05
7.781e-06,3.649361678981222e-05
2.192e-06,3.649361678981222e-05
8.203e-07,3.649361678981222e-05
1.386e-05,3.649361678981222e-05
5.313e-06,3.649361678981222e-05
5.257e-06,3.649361678981222e-05
5.175e-06,3.649361678981222e-05
3.187e-06,3.649361678981222e-05
4.816e-06,3.649361678981222e-05
6.589e-08,3.649361678981222e-05
1.125e-06,3.649361678981222e-05
1.286e-05,3.649361678981222e-05
7.154e-06,3.649361678981222e-05
0.0004956,3.649361678981222e-05
0.0001105,3.649361678981222e-05
5.014e-06,3.649361678981222e-05
5.652e-06,3.649361678981222e-05
1.153e-07,3.649361678981222e-05
1.952e-07,3.649361678981222e-05
1.27e-06,3.649361678981222e-05
8.016e-05,3.649361678981222e-05
4.367e-06,3.649361678981222e-05
1.652e-05,3.649361678981222e-05
3.15e-06,3.649361678981222e-05
1.569e-05,3.649361678981222e-05
2.62e-07,3.649361678981222e-05
7.296e-06,3.649361678981222e-05
6.546e-06,3.649361678981222e-05
2.268e-07,3.649361678981222e-05
5.575e-07,3.649361678981222e-05
8.371e-06,3.649361678981222e-05
1.649e-05,3.649361678981222e-05
9.049e-06,3.649361678981222e-05
7.861e-08,3.649361678981222e-05
1.337e-05,3.649361678981222e-05
3.606e-06,3.649361678981222e-05
3.414e-06,3.649361678981222e-05
1.637e-07,3.649361678981222e-05
9.281e-06,3.649361678981222e-05
7.136e-06,3.649361678981222e-05
2.016e-07,3.649361678981222e-05
2.742e-06,3.649361678981222e-05
9.265e-06,3.649361678981222e-05
1.923e-05,3.649361678981222e-05
5.001e-07,3.649361678981222e-05
3.528e-06,3.649361678981222e-05
1.954e-06,3.649361678981222e-05
8.736e-06,3.649361678981222e-05
4.506e-07,3.649361678981222e-05
2.218e-06,3.649361678981222e-05
1.508e-05,3.649361678981222e-05
1.349e-05,3.649361678981222e-05
2.748e-06,3.649361678981222e-05
3.301e-05,3.649361678981222e-05
5.202e-06,3.649361678981222e-05
5.464e-06,3.649361678981222e-05
1.622e-05,3.649361678981222e-05
4.005e-06,3.649361678981222e-05
6.797e-06,3.649361678981222e-05
2.74e-06,3.649361678981222e-05
3.232e-06,3.649361678981222e-05
2.27e-07,3.649361678981222e-05
3.06e-07,3.649361678981222e-05
1.89e-05,3.649361678981222e-05
5.874e-06,3.649361678981222e-05
1.791e-06,3.649361678981222e-05
6.977e-05,3.649361678981222e-05
8.966e-06,3.649361678981222e-05
3.832e-07,3.649361678981222e-05
2.421e-05,3.649361678981222e-05
2.77e-06,3.649361678981222e-05
6.776e-08,3.649361678981222e-05
3.548e-07,3.649361678981222e-05
1.471e-07,3.649361678981222e-05
1.788e-05,3.649361678981222e-05
9.211e-06,3.649361678981222e-05
1.757e-05,3.649361678981222e-05
7.595e-06,3.649361678981222e-05
8.08e-06,3.649361678981222e-05
7.809e-08,3.649361678981222e-05
5.521e-06,3.649361678981222e-05
1.075e-05,3.649361678981222e-05
3.299e-06,3.649361678981222e-05
7.533e-06,3.649361678981222e-05
6.304e-06,3.649361678981222e-05
2.27e-05,3.649361678981222e-05
4.805e-06,3.649361678981222e-05
1.613e-05,3.649361678981222e-05
7.042e-08,3.649361678981222e-05
7.719e-07,3.649361678981222e-05
0.0002764,3.649361678981222e-05
5.481e-06,3.649361678981222e-05
8.121e-07,3.649361678981222e-05
4.354e-05,3.649361678981222e-05
1.857e-07,3.649361678981222e-05
1.074e-07,3.649361678981222e-05
4.872e-06,3.649361678981222e-05
3.449e-07,3.649361678981222e-05
1.532e-05,3.649361678981222e-05
1.256e-05,3.649361678981222e-05
0.0001256,3.649361678981222e-05
2.24e-07,3.649361678981222e-05
3.036e-07,3.649361678981222e-05
8.313e-06,3.649361678981222e-05
2.944e-06,3.649361678981222e-05
3.149e-06,3.649361678981222e-05
5.333e-06,3.649361678981222e-05
1.073e-05,3.649361678981222e-05
4.913e-06,3.649361678981222e-05
1.938e-06,3.649361678981222e-05
5.434e-06,3.649361678981222e-05
2.904e-07,3.649361678981222e-05
2.498e-05,3.649361678981222e-05
3.236e-06,3.649361678981222e-05
1.616e-05,3.649361678981222e-05
2.713e-05,3.649361678981222e-05
1.083e-07,3.649361678981222e-05
1.708e-07,3.649361678981222e-05
6.232e-07,3.649361678981222e-05
1.835e-05,3.649361678981222e-05
1.42e-05,3.649361678981222e-05
3.202e-06,3.649361678981222e-05
3.59e-06,3.649361678981222e-05
1.321e-07,3.649361678981222e-05
4.023e-06,3.649361678981222e-05
1.209e-05,3.649361678981222e-05
1.587e-05,3.649361678981222e-05
5.892e-06,3.649361678981222e-05
2.839e-05,3.649361678981222e-05
4.921e-05,3.649361678981222e-05
2.858e-05,3.649361678981222e-05
7.66e-05,3.649361678981222e-05
3.485e-06,3.649361678981222e-05
1.288e-06,3.649361678981222e-05
8.009e-06,3.649361678981222e-05
2.094e-07,3.649361678981222e-05
2.603e-07,3.649361678981222e-05
1.417e-07,3.649361678981222e-05
1.206e-07,3.649361678981222e-05
4.128e-06,3.649361678981222e-05
3.104e-06,3.649361678981222e-05
8.385e-08,3.649361678981222e-05
6.464e-06,3.649361678981222e-05
8.341e-06,3.649361678981222e-05
9.265e-06,3.649361678981222e-05
1.648e-07,3.649361678981222e-05
3.952e-07,3.649361678981222e-05
9.915e-08,3.649361678981222e-05
2.648e-05,3.649361678981222e-05
8.158e-06,3.649361678981222e-05
3.003e-05,3.649361678981222e-05
1.646e-06,3.649361678981222e-05
5.634e-06,3.649361678981222e-05
0.006994,3.649361678981222e-05
2.837e-07,3.649361678981222e-05
2.146e-07,3.649361678981222e-05
6.614e-08,3.649361678981222e-05
6.238e-06,3.649361678981222e-05
1.359e-05,3.649361678981222e-05
6.587e-06,3.649361678981222e-05
4.154e-06,3.649361678981222e-05
6.954e-06,3.649361678981222e-05
4.046e-06,3.649361678981222e-05
1.507e-06,3.649361678981222e-05
8.389e-06,3.649361678981222e-05
0.0001258,3.649361678981222e-05
5.199e-06,3.649361678981222e-05
1.847e-07,3.649361678981222e-05
5.026e-06,3.649361678981222e-05
6.939e-07,3.649361678981222e-05
7.516e-07,3.649361678981222e-05
5.522e-06,3.649361678981222e-05
2.145e-05,3.649361678981222e-05
4.437e-07,3.649361678981222e-05
2.344e-07,3.649361678981222e-05
1.251e-05,3.649361678981222e-05
5.152e-05,3.649361678981222e-05
6.368e-06,3.649361678981222e-05
4.774e-06,3.649361678981222e-05
6.067e-06,3.649361678981222e-05
7.015e-07,3.649361678981222e-05
7.14e-08,3.649361678981222e-05
3.697e-06,3.649361678981222e-05
1.586e-07,3.649361678981222e-05
3.984e-06,3.649361678981222e-05
3.63e-07,3.649361678981222e-05
3.716e-06,3.649361678981222e-05
5.975e-06,3.649361678981222e-05
1.962e-05,3.649361678981222e-05
8.996e-08,3.649361678981222e-05
2.476e-06,3.649361678981222e-05
3.059e-06,3.649361678981222e-05
7.386e-06,3.649361678981222e-05
3.011e-06,3.649361678981222e-05
2.775e-06,3.649361678981222e-05
8.678e-06,3.649361678981222e-05
9.889e-06,3.649361678981222e-05
3.183e-06,3.649361678981222e-05
2.88e-06,3.649361678981222e-05
1.063e-07,3.649361678981222e-05
4.893e-06,3.649361678981222e-05
4.032e-06,3.649361678981222e-05
1.002e-05,3.649361678981222e-05
5.949e-06,3.649361678981222e-05
7.138e-06,3.649361678981222e-05
1.595e-05,3.649361678981222e-05
4.878e-06,3.649361678981222e-05
5.867e-06,3.649361678981222e-05
2.672e-05,3.649361678981222e-05
0.0001857,3.649361678981222e-05
2.138e-07,3.649361678981222e-05
6.672e-05,3.649361678981222e-05
2.03e-07,3.649361678981222e-05
3.764e-06,3.649361678981222e-05
2.318e-05,3.649361678981222e-05
1.183e-05,3.649361678981222e-05
4.963e-06,3.649361678981222e-05
3.087e-06,3.649361678981222e-05
2.548e-05,3.649361678981222e-05
2.531e-06,3.649361678981222e-05
3.071e-06,3.649361678981222e-05
2.768e-06,3.649361678981222e-05
2.477e-07,3.649361678981222e-05
2.682e-07,3.649361678981222e-05
1.405e-05,3.649361678981222e-05
3.682e-06,3.649361678981222e-05
1.662e-05,3.649361678981222e-05
6.313e-06,3.649361678981222e-05
4.756e-07,3.649361678981222e-05
4.079e-06,3.649361678981222e-05
1.111e-05,3.649361678981222e-05
2.627e-06,3.649361678981222e-05
3.646e-05,3.649361678981222e-05
2.646e-07,3.649361678981222e-05
7.662e-06,3.649361678981222e-05
9.511e-06,3.649361678981222e-05
1.694e-07,3.649361678981222e-05
6.37e-07,3.649361678981222e-05
2.215e-07,3.649361678981222e-05
4.705e-07,3.649361678981222e-05
3.923e-06,3.649361678981222e-05
6.197e-06,3.649361678981222e-05
7.82e-06,3.649361678981222e-05
7.022e-06,3.649361678981222e-05
2.872e-05,3.649361678981222e-05
3.748e-07,3.649361678981222e-05
1.593e-05,3.649361678981222e-05
5.83e-07,3.649361678981222e-05
1.791e-05,3.649361678981222e-05
2.321e-07,3.649361678981222e-05
1.45e-05,3.649361678981222e-05
4.857e-06,3.649361678981222e-05
1.383e-06,3.649361678981222e-05
4.057e-06,3.649361678981222e-05
2.614e-07,3.649361678981222e-05
1.635e-05,3.649361678981222e-05
9.816e-08,3.649361678981222e-05
5.921e-07,3.649361678981222e-05
