4.357e-06,3.649361678981222e-05
1.167e-06,3.649361678981222e-05
2.215e-07,3.649361678981222e-05
2.286e-06,3.649361678981222e-05
6.13e-07,3.649361678981222e-05
3.418e-06,3.649361678981222e-05
9.907e-06,3.649361678981222e-05
3.01e-06,3.649361678981222e-05
1.941e-05,3.649361678981222e-05
4.635e-06,3.649361678981222e-05
3.878e-06,3.649361678981222e-05
4.777e-06,3.649361678981222e-05
6.248e-06,3.649361678981222e-05
1.186e-05,3.649361678981222e-05
1.662e-07,3.649361678981222e-05
2.239e-06,3.649361678981222e-05
2.641e-07,3.649361678981222e-05
1.261e-07,3.649361678981222e-05
3.024e-06,3.649361678981222e-05
3.12e-06,3.649361678981222e-05
6.911e-06,3.649361678981222e-05
2.537e-05,3.649361678981222e-05
1.095e-05,3.649361678981222e-05
4.377e-06,3.649361678981222e-05
2.679e-06,3.649361678981222e-05
1.898e-07,3.649361678981222e-05
1.854e-07,3.649361678981222e-05
2.998e-07,3.649361678981222e-05
5.1e-05,3.649361678981222e-05
4.233e-06,3.649361678981222e-05
7.735e-08,3.649361678981222e-05
2.707e-07,3.649361678981222e-05
8.465e-06,3.649361678981222e-05
1.425e-05,3.649361678981222e-05
2.962e-06,3.649361678981222e-05
0.000113,3.649361678981222e-05
4.133e-07,3.649361678981222e-05
4.753e-06,3.649361678981222e-05
1.663e-07,3.649361678981222e-05
4.388e-06,3.649361678981222e-05
1.508e-07,3.649361678981222e-05
8.981e-06,3.649361678981222e-05
9.381e-06,3.649361678981222e-05
6.534e-07,3.649361678981222e-05
3.042e-05,3.649361678981222e-05
1.446e-07,3.649361678981222e-05
4.344e-06,3.649361678981222e-05
5.76e-06,3.649361678981222e-05
1.323e-07,3.649361678981222e-05
2.768e-06,3.649361678981222e-05
7.499e-08,3.649361678981222e-05
2.795e-06,3.649361678981222e-05
9.434e-06,3.649361678981222e-05
2.196e-07,3.649361678981222e-05
1.138e-07,3.649361678981222e-05
3.445e-06,3.649361678981222e-05
1.77e-07,3.649361678981222e-05
4.981e-06,3.649361678981222e-05
1.113e-05,3.649361678981222e-05
3.182e-07,3.649361678981222e-05
1.455e-05,3.649361678981222e-05
2.037e-05,3.649361678981222e-05
0.0004833,3.649361678981222e-05
5.695e-06,3.649361678981222e-05
2.315e-06,3.649361678981222e-05
1.283e-07,3.649361678981222e-05
8.251e-06,3.649361678981222e-05
5.374e-06,3.649361678981222e-05
5.661e-06,3.649361678981222e-05
3.552e-06,3.649361678981222e-05
5.226e-05,3.649361678981222e-05
2.066e-05,3.649361678981222e-05
5.96e-07,3.649361678981222e-05
4.16e-06,3.649361678981222e-05
8.147e-06,3.649361678981222e-05
3.537e-06,3.649361678981222e-05
1.564e-07,3.649361678981222e-05
7.972e-06,3.649361678981222e-05
8.642e-08,3.649361678981222e-05
1.392e-07,3.649361678981222e-05
4.59e-06,3.649361678981222e-05
7.876e-06,3.649361678981222e-05
1.317e-07,3.649361678981222e-05
3.409e-05,3.649361678981222e-05
4.155e-07,3.649361678981222e-05
2.792e-07,3.649361678981222e-05
3.169e-07,3.649361678981222e-05
3.83e-06,3.649361678981222e-05
1.082e-05,3.649361678981222e-05
9.799e-06,3.649361678981222e-05
6.644e-06,3.649361678981222e-05
5.419e-06,3.649361678981222e-05
5.959e-05,3.649361678981222e-05
5.757e-07,3.649361678981222e-05
6.461e-05,3.649361678981222e-05
4.982e-06,3.649361678981222e-05
2.458e-07,3.649361678981222e-05
2.458e-07,3.649361678981222e-05
6.649e-06,3.649361678981222e-05
3.974e-07,3.649361678981222e-05
5.257e-07,3.649361678981222e-05
4.677e-05,3.649361678981222e-05
8.488e-08,3.649361678981222e-05
2.173e-06,3.649361678981222e-05
6.067e-06,3.649361678981222e-05
6.423e-06,3.649361678981222e-05
5.64e-06,3.649361678981222e-05
3.155e-06,3.649361678981222e-05
5.3e-06,3.649361678981222e-05
2.088e-05,3.649361678981222e-05
4.518e-06,3.649361678981222e-05
8.325e-06,3.649361678981222e-05
5.543e-06,3.649361678981222e-05
1.361e-05,3.649361678981222e-05
1.588e-07,3.649361678981222e-05
1.281e-05,3.649361678981222e-05
2.695e-07,3.649361678981222e-05
9.317e-06,3.649361678981222e-05
4.363e-06,3.649361678981222e-05
1.142e-05,3.649361678981222e-05
9.317e-08,3.649361678981222e-05
1.152e-07,3.649361678981222e-05
2.722e-05,3.649361678981222e-05
7.41e-06,3.649361678981222e-05
3.137e-06,3.649361678981222e-05
1.626e-07,3.649361678981222e-05
1.39e-05,3.649361678981222e-05
1.406e-06,3.649361678981222e-05
5.067e-06,3.649361678981222e-05
3.932e-06,3.649361678981222e-05
3.013e-06,3.649361678981222e-05
4.051e-06,3.649361678981222e-05
1.4e-05,3.649361678981222e-05
1.299e-07,3.649361678981222e-05
1.451e-07,3.649361678981222e-05
1.056e-05,3.649361678981222e-05
5.275e-06,3.649361678981222e-05
9.533e-05,3.649361678981222e-05
6.281e-06,3.649361678981222e-05
2.7e-05,3.649361678981222e-05
6.688e-06,3.649361678981222e-05
7.166e-06,3.649361678981222e-05
1.168e-07,3.649361678981222e-05
1.985e-05,3.649361678981222e-05
4.161e-07,3.649361678981222e-05
6.15e-06,3.649361678981222e-05
5.962e-06,3.649361678981222e-05
3.122e-07,3.649361678981222e-05
2.387e-06,3.649361678981222e-05
1.336e-07,3.649361678981222e-05
1.475e-05,3.649361678981222e-05
0.0001357,3.649361678981222e-05
4.618e-05,3.649361678981222e-05
1.237e-07,3.649361678981222e-05
4.422e-06,3.649361678981222e-05
9.93e-08,3.649361678981222e-05
1.108e-05,3.649361678981222e-05
5.866e-06,3.649361678981222e-05
8.689e-08,3.649361678981222e-05
7.148e-06,3.649361678981222e-05
1.057e-05,3.649361678981222e-05
1.023e-06,3.649361678981222e-05
1.228e-05,3.649361678981222e-05
1.294e-07,3.649361678981222e-05
4.937e-06,3.649361678981222e-05
1.792e-05,3.649361678981222e-05
1.975e-05,3.649361678981222e-05
3.897e-06,3.649361678981222e-05
6.455e-06,3.649361678981222e-05
5.89e-07,3.649361678981222e-05
1.095e-07,3.649361678981222e-05
2.637e-05,3.649361678981222e-05
5.275e-06,3.649361678981222e-05
0.0004664,3.649361678981222e-05
4.508e-06,3.649361678981222e-05
3.722e-06,3.649361678981222e-05
1.844e-05,3.649361678981222e-05
5.585e-06,3.649361678981222e-05
4.326e-07,3.649361678981222e-05
2.927e-06,3.649361678981222e-05
0.0001063,3.649361678981222e-05
5.275e-06,3.649361678981222e-05
1.274e-05,3.649361678981222e-05
2.876e-07,3.649361678981222e-05
4.215e-05,3.649361678981222e-05
1.925e-06,3.649361678981222e-05
9.783e-06,3.649361678981222e-05
5.387e-06,3.649361678981222e-05
1.501e-07,3.649361678981222e-05
3.099e-06,3.649361678981222e-05
7.747e-08,3.649361678981222e-05
1.812e-05,3.649361678981222e-05
5.462e-06,3.649361678981222e-05
4.262e-07,3.649361678981222e-05
7.621e-06,3.649361678981222e-05
2.419e-05,3.649361678981222e-05
1.349e-05,3.649361678981222e-05
6.623e-06,3.649361678981222e-05
2.69e-07,3.649361678981222e-05
6.073e-07,3.649361678981222e-05
7.038e-06,3.649361678981222e-05
8.868e-06,3.649361678981222e-05
7.884e-06,3.649361678981222e-05
4.849e-06,3.649361678981222e-05
1.904e-05,3.649361678981222e-05
6.839e-06,3.649361678981222e-05
8.919e-08,3.649361678981222e-05
1.935e-05,3.649361678981222e-05
2.195e-07,3.649361678981222e-05
8.572e-08,3.649361678981222e-05
5.879e-06,3.649361678981222e-05
4.371e-05,3.649361678981222e-05
1.371e-05,3.649361678981222e-05
5.997e-06,3.649361678981222e-05
6.474e-06,3.649361678981222e-05
2.988e-06,3.649361678981222e-05
3.186e-05,3.649361678981222e-05
4.514e-05,3.649361678981222e-05
2.097e-05,3.649361678981222e-05
1.36e-05,3.649361678981222e-05
6.919e-07,3.649361678981222e-05
4.539e-07,3.649361678981222e-05
5.495e-06,3.649361678981222e-05
9.558e-08,3.649361678981222e-05
9.998e-05,3.649361678981222e-05
9.264e-06,3.649361678981222e-05
2.336e-05,3.649361678981222e-05
7.328e-07,3.649361678981222e-05
1.838e-07,3.649361678981222e-05
2.185e-07,3.649361678981222e-05
6.385e-06,3.649361678981222e-05
5.998e-08,3.649361678981222e-05
1.856e-07,3.649361678981222e-05
3.726e-06,3.649361678981222e-05
7.179e-05,3.649361678981222e-05
2.268e-05,3.649361678981222e-05
3.962e-06,3.649361678981222e-05
4.466e-07,3.649361678981222e-05
4.978e-06,3.649361678981222e-05
4.042e-07,3.649361678981222e-05
1.204e-05,3.649361678981222e-05
6.261e-06,3.649361678981222e-05
2.203e-06,3.649361678981222e-05
5.973e-06,3.649361678981222e-05
5.098e-06,3.649361678981222e-05
1.451e-07,3.649361678981222e-05
5.052e-07,3.649361678981222e-05
1.943e-07,3.649361678981222e-05
1.403e-05,3.649361678981222e-05
1.349e-07,3.649361678981222e-05
1.781e-07,3.649361678981222e-05
7.319e-08,3.649361678981222e-05
1.543e-06,3.649361678981222e-05
1.082e-07,3.649361678981222e-05
5.928e-06,3.649361678981222e-05
2.547e-05,3.649361678981222e-05
1.071e-05,3.649361678981222e-05
1.065e-07,3.649361678981222e-05
2.508e-07,3.649361678981222e-05
1.377e-05,3.649361678981222e-05
1.647e-07,3.649361678981222e-05
2.343e-05,3.649361678981222e-05
1.797e-06,3.649361678981222e-05
2.89e-05,3.649361678981222e-05
4.814e-05,3.649361678981222e-05
6.898e-08,3.649361678981222e-05
4.748e-06,3.649361678981222e-05
6.694e-06,3.649361678981222e-05
2.012e-05,3.649361678981222e-05
3.483e-06,3.649361678981222e-05
5.898e-05,3.649361678981222e-05
0.0001463,3.649361678981222e-05
7.226e-07,3.649361678981222e-05
5.955e-06,3.649361678981222e-05
2.455e-07,3.649361678981222e-05
2.811e-06,3.649361678981222e-05
8.627e-08,3.649361678981222e-05
1.645e-07,3.649361678981222e-05
5.313e-06,3.649361678981222e-05
2.014e-05,3.649361678981222e-05
2.155e-05,3.649361678981222e-05
2.667e-05,3.649361678981222e-05
1.307e-07,3.649361678981222e-05
4.425e-06,3.649361678981222e-05
5.298e-06,3.649361678981222e-05
1.42e-05,3.649361678981222e-05
4.028e-07,3.649361678981222e-05
7.117e-06,3.649361678981222e-05
6.328e-06,3.649361678981222e-05
1.672e-07,3.649361678981222e-05
8.302e-06,3.649361678981222e-05
1.793e-05,3.649361678981222e-05
3.797e-05,3.649361678981222e-05
0.0004404,3.649361678981222e-05
1.766e-07,3.649361678981222e-05
1.793e-05,3.649361678981222e-05
2.271e-05,3.649361678981222e-05
5.265e-05,3.649361678981222e-05
1.985e-07,3.649361678981222e-05
5.32e-06,3.649361678981222e-05
2.869e-06,3.649361678981222e-05
3.885e-06,3.649361678981222e-05
1.282e-07,3.649361678981222e-05
3.805e-06,3.649361678981222e-05
2.179e-07,3.649361678981222e-05
9.388e-06,3.649361678981222e-05
1.129e-05,3.649361678981222e-05
2.586e-05,3.649361678981222e-05
4.433e-07,3.649361678981222e-05
4.821e-07,3.649361678981222e-05
4.17e-06,3.649361678981222e-05
2.441e-05,3.649361678981222e-05
3.076e-06,3.649361678981222e-05
3.842e-06,3.649361678981222e-05
3.12e-06,3.649361678981222e-05
1.527e-07,3.649361678981222e-05
1.323e-06,3.649361678981222e-05
2.01e-07,3.649361678981222e-05
1.098e-07,3.649361678981222e-05
1.587e-05,3.649361678981222e-05
6.513e-06,3.649361678981222e-05
3.729e-06,3.649361678981222e-05
7.365e-06,3.649361678981222e-05
6.938e-08,3.649361678981222e-05
4.798e-07,3.649361678981222e-05
8.819e-06,3.649361678981222e-05
7.383e-06,3.649361678981222e-05
6.232e-06,3.649361678981222e-05
2.853e-06,3.649361678981222e-05
1.31e-05,3.649361678981222e-05
1.096e-05,3.649361678981222e-05
5.214e-06,3.649361678981222e-05
1.601e-06,3.649361678981222e-05
2.365e-07,3.649361678981222e-05
1.111e-05,3.649361678981222e-05
6.193e-06,3.649361678981222e-05
1.227e-05,3.649361678981222e-05
5.852e-06,3.649361678981222e-05
4.356e-06,3.649361678981222e-05
8.498e-06,3.649361678981222e-05
9.007e-08,3.649361678981222e-05
1.43e-05,3.649361678981222e-05
5.825e-08,3.649361678981222e-05
1.761e-06,3.649361678981222e-05
9.42e-08,3.649361678981222e-05
2.98e-06,3.649361678981222e-05
3.756e-06,3.649361678981222e-05
0.005044,3.649361678981222e-05
7.423e-06,3.649361678981222e-05
3.541e-06,3.649361678981222e-05
7.484e-07,3.649361678981222e-05
1.256e-07,3.649361678981222e-05
1.239e-05,3.649361678981222e-05
1.066e-05,3.649361678981222e-05
3.615e-06,3.649361678981222e-05
1.353e-05,3.649361678981222e-05
7.878e-06,3.649361678981222e-05
3.516e-07,3.649361678981222e-05
2.695e-05,3.649361678981222e-05
4.128e-07,3.649361678981222e-05
2.478e-06,3.649361678981222e-05
2.358e-07,3.649361678981222e-05
1.773e-06,3.649361678981222e-05
3.222e-05,3.649361678981222e-05
3.125e-05,3.649361678981222e-05
4.114e-06,3.649361678981222e-05
1.065e-05,3.649361678981222e-05
2.501e-05,3.649361678981222e-05
6.868e-06,3.649361678981222e-05
3.326e-06,3.649361678981222e-05
2.703e-05,3.649361678981222e-05
4.806e-06,3.649361678981222e-05
4.226e-06,3.649361678981222e-05
4.617e-07,3.649361678981222e-05
9.053e-06,3.649361678981222e-05
3.865e-06,3.649361678981222e-05
9.681e-06,3.649361678981222e-05
5.732e-07,3.649361678981222e-05
4.754e-06,3.649361678981222e-05
3.77e-05,3.649361678981222e-05
3.743e-06,3.649361678981222e-05
9.811e-08,3.649361678981222e-05
1.234e-05,3.649361678981222e-05
1.11e-05,3.649361678981222e-05
1.457e-05,3.649361678981222e-05
9.997e-07,3.649361678981222e-05
4.82e-06,3.649361678981222e-05
7.962e-06,3.649361678981222e-05
0.000113,3.649361678981222e-05
3.734e-06,3.649361678981222e-05
1.422e-05,3.649361678981222e-05
7.056e-05,3.649361678981222e-05
6.306e-06,3.649361678981222e-05
1.732e-07,3.649361678981222e-05
6.542e-08,3.649361678981222e-05
8.694e-06,3.649361678981222e-05
6.571e-06,3.649361678981222e-05
9.175e-08,3.649361678981222e-05
4.245e-06,3.649361678981222e-05
2.412e-07,3.649361678981222e-05
7.706e-06,3.649361678981222e-05
6.05e-06,3.649361678981222e-05
5.56e-06,3.649361678981222e-05
1.137e-05,3.649361678981222e-05
7.989e-06,3.649361678981222e-05
6.753e-07,3.649361678981222e-05
9.86e-06,3.649361678981222e-05
7.229e-08,3.649361678981222e-05
1.329e-07,3.649361678981222e-05
4.055e-07,3.649361678981222e-05
2.229e-06,3.649361678981222e-05
3.83e-06,3.649361678981222e-05
2.695e-06,3.649361678981222e-05
4.088e-08,3.649361678981222e-05
3.076e-07,3.649361678981222e-05
7.685e-06,3.649361678981222e-05
7.856e-06,3.649361678981222e-05
3.316e-06,3.649361678981222e-05
6.695e-08,3.649361678981222e-05
2.422e-07,3.649361678981222e-05
3.48e-06,3.649361678981222e-05
3.467e-06,3.649361678981222e-05
1.682e-07,3.649361678981222e-05
1.896e-07,3.649361678981222e-05
2.661e-06,3.649361678981222e-05
1.415e-05,3.649361678981222e-05
5.73e-05,3.649361678981222e-05
2.59e-05,3.649361678981222e-05
1.593e-05,3.649361678981222e-05
5.481e-06,3.649361678981222e-05
8.408e-06,3.649361678981222e-05
3.623e-06,3.649361678981222e-05
2.374e-07,3.649361678981222e-05
2.587e-06,3.649361678981222e-05
1.004e-07,3.649361678981222e-05
2.004e-07,3.649361678981222e-05
9.719e-06,3.649361678981222e-05
5.646e-06,3.649361678981222e-05
2.041e-07,3.649361678981222e-05
1.191e-05,3.649361678981222e-05
7.23e-06,3.649361678981222e-05
2.09e-07,3.649361678981222e-05
2.904e-06,3.649361678981222e-05
2.068e-05,3.649361678981222e-05
1.911e-06,3.649361678981222e-05
9.94e-06,3.649361678981222e-05
7.746e-06,3.649361678981222e-05
1.958e-07,3.649361678981222e-05
6.977e-06,3.649361678981222e-05
4.107e-06,3.649361678981222e-05
9.924e-08,3.649361678981222e-05
1.439e-05,3.649361678981222e-05
4.521e-07,3.649361678981222e-05
9.423e-06,3.649361678981222e-05
0.001951,3.649361678981222e-05
5.182e-07,3.649361678981222e-05
1.547e-05,3.649361678981222e-05
0.0002452,3.649361678981222e-05
1.559e-07,3.649361678981222e-05
4.912e-05,3.649361678981222e-05
9.611e-08,3.649361678981222e-05
4.134e-06,3.649361678981222e-05
1.061e-05,3.649361678981222e-05
4.598e-05,3.649361678981222e-05
1.454e-05,3.649361678981222e-05
1.36e-07,3.649361678981222e-05
2.148e-05,3.649361678981222e-05
3.854e-06,3.649361678981222e-05
7.673e-06,3.649361678981222e-05
4.874e-05,3.649361678981222e-05
3.836e-06,3.649361678981222e-05
2.92e-07,3.649361678981222e-05
1.679e-05,3.649361678981222e-05
9.774e-06,3.649361678981222e-05
2.945e-06,3.649361678981222e-05
1.619e-06,3.649361678981222e-05
4.743e-07,3.649361678981222e-05
4.256e-06,3.649361678981222e-05
1.351e-05,3.649361678981222e-05
5.008e-06,3.649361678981222e-05
6.769e-06,3.649361678981222e-05
3.903e-06,3.649361678981222e-05
1.401e-05,3.649361678981222e-05
7.048e-06,3.649361678981222e-05
1.909e-05,3.649361678981222e-05
1.88e-05,3.649361678981222e-05
1.82e-07,3.649361678981222e-05
1.404e-07,3.649361678981222e-05
2.963e-07,3.649361678981222e-05
6.175e-06,3.649361678981222e-05
1.49e-07,3.649361678981222e-05
0.0004599,3.649361678981222e-05
3.184e-07,3.649361678981222e-05
1.229e-05,3.649361678981222e-05
9.107e-06,3.649361678981222e-05
8.1e-06,3.649361678981222e-05
2.194e-05,3.649361678981222e-05
8.583e-06,3.649361678981222e-05
5.378e-06,3.649361678981222e-05
6.675e-08,3.649361678981222e-05
1.071e-07,3.649361678981222e-05
4.563e-06,3.649361678981222e-05
1.848e-05,3.649361678981222e-05
8.865e-06,3.649361678981222e-05
1.599e-07,3.649361678981222e-05
5.373e-06,3.649361678981222e-05
2.422e-06,3.649361678981222e-05
3.697e-07,3.649361678981222e-05
8.492e-08,3.649361678981222e-05
6.818e-08,3.649361678981222e-05
2.338e-07,3.649361678981222e-05
1.682e-07,3.649361678981222e-05
2.958e-05,3.649361678981222e-05
5.401e-06,3.649361678981222e-05
9.504e-06,3.649361678981222e-05
2.353e-07,3.649361678981222e-05
1.415e-07,3.649361678981222e-05
6.378e-05,3.649361678981222e-05
2.964e-07,3.649361678981222e-05
1.887e-05,3.649361678981222e-05
2.939e-05,3.649361678981222e-05
9.425e-06,3.649361678981222e-05
4.282e-06,3.649361678981222e-05
4.598e-06,3.649361678981222e-05
4.815e-06,3.649361678981222e-05
1.028e-07,3.649361678981222e-05
2.454e-05,3.649361678981222e-05
5.17e-06,3.649361678981222e-05
1.986e-05,3.649361678981222e-05
9.995e-06,3.649361678981222e-05
1.766e-06,3.649361678981222e-05
3.718e-06,3.649361678981222e-05
3.477e-06,3.649361678981222e-05
5.555e-06,3.649361678981222e-05
1.234e-05,3.649361678981222e-05
2.705e-06,3.649361678981222e-05
1.328e-07,3.649361678981222e-05
2.525e-05,3.649361678981222e-05
1.196e-07,3.649361678981222e-05
7.793e-07,3.649361678981222e-05
8.973e-07,3.649361678981222e-05
9.03e-06,3.649361678981222e-05
6.778e-08,3.649361678981222e-05
6.396e-07,3.649361678981222e-05
2.175e-05,3.649361678981222e-05
2.447e-05,3.649361678981222e-05
3.471e-05,3.649361678981222e-05
3.477e-05,3.649361678981222e-05
1.106e-07,3.649361678981222e-05
3.304e-05,3.649361678981222e-05
3.949e-07,3.649361678981222e-05
9.614e-06,3.649361678981222e-05
2.951e-07,3.649361678981222e-05
5.28e-06,3.649361678981222e-05
8.122e-06,3.649361678981222e-05
1.378e-05,3.649361678981222e-05
9.038e-06,3.649361678981222e-05
4.551e-06,3.649361678981222e-05
6.367e-08,3.649361678981222e-05
2.745e-06,3.649361678981222e-05
3.279e-07,3.649361678981222e-05
7.903e-06,3.649361678981222e-05
5.088e-06,3.649361678981222e-05
1.199e-06,3.649361678981222e-05
2.815e-07,3.649361678981222e-05
1.784e-07,3.649361678981222e-05
1.875e-06,3.649361678981222e-05
2.378e-06,3.649361678981222e-05
3.323e-07,3.649361678981222e-05
1.443e-05,3.649361678981222e-05
1.745e-07,3.649361678981222e-05
0.0001469,3.649361678981222e-05
5.756e-06,3.649361678981222e-05
1.426e-07,3.649361678981222e-05
7.259e-06,3.649361678981222e-05
2.633e-07,3.649361678981222e-05
9.725e-06,3.649361678981222e-05
4.764e-06,3.649361678981222e-05
2.695e-06,3.649361678981222e-05
5.287e-06,3.649361678981222e-05
6.292e-06,3.649361678981222e-05
6.143e-06,3.649361678981222e-05
4.777e-05,3.649361678981222e-05
8.653e-07,3.649361678981222e-05
6.244e-06,3.649361678981222e-05
5.91e-06,3.649361678981222e-05
7.46e-06,3.649361678981222e-05
5.367e-06,3.649361678981222e-05
6.884e-07,3.649361678981222e-05
2.77e-06,3.649361678981222e-05
5.698e-07,3.649361678981222e-05
1.438e-05,3.649361678981222e-05
1.667e-07,3.649361678981222e-05
1.511e-07,3.649361678981222e-05
7.378e-07,3.649361678981222e-05
1.731e-05,3.649361678981222e-05
2.552e-05,3.649361678981222e-05
1.423e-05,3.649361678981222e-05
1.128e-05,3.649361678981222e-05
3.091e-05,3.649361678981222e-05
1.263e-07,3.649361678981222e-05
1.918e-07,3.649361678981222e-05
1.032e-05,3.649361678981222e-05
3.056e-06,3.649361678981222e-05
6.997e-06,3.649361678981222e-05
1.391e-07,3.649361678981222e-05
5.838e-06,3.649361678981222e-05
7.381e-06,3.649361678981222e-05
3.898e-06,3.649361678981222e-05
2.961e-07,3.649361678981222e-05
4.745e-06,3.649361678981222e-05
4.263e-06,3.649361678981222e-05
1.381e-05,3.649361678981222e-05
2.499e-06,3.649361678981222e-05
6.191e-06,3.649361678981222e-05
2.159e-07,3.649361678981222e-05
3.404e-06,3.649361678981222e-05
4.757e-06,3.649361678981222e-05
2.597e-06,3.649361678981222e-05
1.872e-06,3.649361678981222e-05
4.003e-06,3.649361678981222e-05
3.445e-06,3.649361678981222e-05
2.095e-07,3.649361678981222e-05
9.077e-06,3.649361678981222e-05
1.085e-05,3.649361678981222e-05
7.464e-07,3.649361678981222e-05
1.817e-07,3.649361678981222e-05
2.233e-05,3.649361678981222e-05
2.183e-06,3.649361678981222e-05
6.265e-07,3.649361678981222e-05
5.896e-06,3.649361678981222e-05
2.79e-07,3.649361678981222e-05
3.65e-07,3.649361678981222e-05
8.566e-08,3.649361678981222e-05
1.338e-05,3.649361678981222e-05
1.195e-07,3.649361678981222e-05
6.37e-05,3.649361678981222e-05
1.431e-07,3.649361678981222e-05
8.75e-05,3.649361678981222e-05
3.043e-05,3.649361678981222e-05
3.981e-06,3.649361678981222e-05
3.123e-05,3.649361678981222e-05
9.036e-06,3.649361678981222e-05
7.074e-06,3.649361678981222e-05
1.955e-07,3.649361678981222e-05
1.679e-05,3.649361678981222e-05
2.931e-06,3.649361678981222e-05
9.858e-06,3.649361678981222e-05
9.562e-07,3.649361678981222e-05
6.113e-06,3.649361678981222e-05
6.066e-06,3.649361678981222e-05
4.026e-06,3.649361678981222e-05
3.485e-06,3.649361678981222e-05
1.321e-07,3.649361678981222e-05
5.79e-07,3.649361678981222e-05
3.671e-07,3.649361678981222e-05
5.496e-07,3.649361678981222e-05
5.333e-07,3.649361678981222e-05
8.6e-06,3.649361678981222e-05
3.78e-06,3.649361678981222e-05
5.279e-06,3.649361678981222e-05
9.116e-08,3.649361678981222e-05
6.53e-06,3.649361678981222e-05
1.506e-05,3.649361678981222e-05
6.672e-08,3.649361678981222e-05
0.0001263,3.649361678981222e-05
1.03e-05,3.649361678981222e-05
8.056e-07,3.649361678981222e-05
3.853e-06,3.649361678981222e-05
1.743e-07,3.649361678981222e-05
6.033e-06,3.649361678981222e-05
1.105e-07,3.649361678981222e-05
5.147e-06,3.649361678981222e-05
1.735e-05,3.649361678981222e-05
3.923e-06,3.649361678981222e-05
1.626e-06,3.649361678981222e-05
6.538e-06,3.649361678981222e-05
9.164e-08,3.649361678981222e-05
1.263e-07,3.649361678981222e-05
6.443e-06,3.649361678981222e-05
6.256e-07,3.649361678981222e-05
1.869e-07,3.649361678981222e-05
5.247e-06,3.649361678981222e-05
4.438e-05,3.649361678981222e-05
3.68e-06,3.649361678981222e-05
2.295e-07,3.649361678981222e-05
7.893e-08,3.649361678981222e-05
5.03e-06,3.649361678981222e-05
3.488e-05,3.649361678981222e-05
3.665e-06,3.649361678981222e-05
3.12e-06,3.649361678981222e-05
3.174e-07,3.649361678981222e-05
3.931e-06,3.649361678981222e-05
1.175e-05,3.649361678981222e-05
6.733e-06,3.649361678981222e-05
1.628e-07,3.649361678981222e-05
8.951e-06,3.649361678981222e-05
1.659e-07,3.649361678981222e-05
7.143e-06,3.649361678981222e-05
1.635e-07,3.649361678981222e-05
1.614e-06,3.649361678981222e-05
4.329e-07,3.649361678981222e-05
1.173e-07,3.649361678981222e-05
4.746e-05,3.649361678981222e-05
1.1e-07,3.649361678981222e-05
8.751e-06,3.649361678981222e-05
5.703e-06,3.649361678981222e-05
2.429e-06,3.649361678981222e-05
3.891e-06,3.649361678981222e-05
1.696e-07,3.649361678981222e-05
4.915e-06,3.649361678981222e-05
3.302e-06,3.649361678981222e-05
9.722e-05,3.649361678981222e-05
9.615e-06,3.649361678981222e-05
8.314e-06,3.649361678981222e-05
1.688e-05,3.649361678981222e-05
2.613e-05,3.649361678981222e-05
1.775e-07,3.649361678981222e-05
7.82e-06,3.649361678981222e-05
3.092e-07,3.649361678981222e-05
0.0002264,3.649361678981222e-05
3.263e-07,3.649361678981222e-05
3.656e-07,3.649361678981222e-05
4.312e-05,3.649361678981222e-05
4.763e-05,3.649361678981222e-05
2.166e-05,3.649361678981222e-05
1.992e-07,3.649361678981222e-05
6.609e-06,3.649361678981222e-05
3.58e-06,3.649361678981222e-05
7.552e-05,3.649361678981222e-05
5.29e-05,3.649361678981222e-05
1.777e-07,3.649361678981222e-05
1.629e-05,3.649361678981222e-05
3.851e-06,3.649361678981222e-05
2.05e-07,3.649361678981222e-05
4.663e-06,3.649361678981222e-05
8.26e-06,3.649361678981222e-05
1.104e-07,3.649361678981222e-05
9.379e-06,3.649361678981222e-05
1.555e-06,3.649361678981222e-05
3.489e-07,3.649361678981222e-05
2.784e-07,3.649361678981222e-05
7.571e-05,3.649361678981222e-05
1.19e-05,3.649361678981222e-05
5.801e-07,3.649361678981222e-05
1.192e-07,3.649361678981222e-05
4.101e-06,3.649361678981222e-05
4.634e-06,3.649361678981222e-05
5.231e-06,3.649361678981222e-05
6.263e-06,3.649361678981222e-05
3.948e-06,3.649361678981222e-05
1.086e-05,3.649361678981222e-05
1.695e-07,3.649361678981222e-05
2.154e-06,3.649361678981222e-05
1.507e-07,3.649361678981222e-05
7.845e-06,3.649361678981222e-05
1.423e-07,3.649361678981222e-05
7.943e-08,3.649361678981222e-05
2.58e-06,3.649361678981222e-05
2.312e-07,3.649361678981222e-05
9.97e-06,3.649361678981222e-05
1.497e-07,3.649361678981222e-05
1.173e-05,3.649361678981222e-05
1.219e-07,3.649361678981222e-05
1.531e-05,3.649361678981222e-05
1.191e-07,3.649361678981222e-05
8.801e-06,3.649361678981222e-05
2.338e-05,3.649361678981222e-05
7.136e-06,3.649361678981222e-05
4.438e-05,3.649361678981222e-05
3.543e-06,3.649361678981222e-05
1.175e-05,3.649361678981222e-05
6.557e-06,3.649361678981222e-05
2.994e-07,3.649361678981222e-05
0.004188,3.649361678981222e-05
2.357e-06,3.649361678981222e-05
2.908e-05,3.649361678981222e-05
6.01e-06,3.649361678981222e-05
7.776e-06,3.649361678981222e-05
2.293e-06,3.649361678981222e-05
2.588e-06,3.649361678981222e-05
0.0001224,3.649361678981222e-05
